A51 MACRO ASSEMBLER  ROTATION                                                             01/01/2022 23:11:03 PAGE     1


MACRO ASSEMBLER A51 V8.2.7.0
OBJECT MODULE PLACED IN .\Objects\ROTATION.obj
ASSEMBLER INVOKED BY: C:\Keil_v5\C51\BIN\A51.EXE ROTATION.A51 SET(SMALL) DEBUG PRINT(.\Listings\ROTATION.lst) OBJECT(.\O
                      bjects\ROTATION.obj) EP

LOC  OBJ            LINE     SOURCE

0000 901000            1     MOV DPTR, #1000H
0003 E0                2     MOVX A, @DPTR
0004 A3                3     INC DPTR
0005 03                4     RR A
0006 A3                5     INC DPTR
0007 F0                6     MOVX @DPTR, A
0008 23                7     RL A
0009 A3                8     INC DPTR
000A F0                9     MOVX @DPTR, A
000B 13               10     RRC A
000C A3               11     INC DPTR
000D F0               12     MOVX @DPTR, A
000E 33               13     RLC A
000F A3               14     INC DPTR
0010 F0               15     MOVX @DPTR, A
                      16     END
A51 MACRO ASSEMBLER  ROTATION                                                             01/01/2022 23:11:03 PAGE     2

SYMBOL TABLE LISTING
------ ----- -------


N A M E             T Y P E  V A L U E   ATTRIBUTES



REGISTER BANK(S) USED: 0 


ASSEMBLY COMPLETE.  0 WARNING(S), 0 ERROR(S)
